<?xml version="1.0" encoding="UTF-8"?>
<!-- Generated by org.testng.reporters.JUnitReportReporter -->
<testsuite hostname="DESKTOP-32NV4I4" failures="0" tests="1" name="ecommerce.android.AndroidTests2" time="18.165" errors="0" timestamp="2022-09-17T22:59:00 ICT" skipped="0">
  <testcase classname="ecommerce.android.AndroidTests2" name="appiumTest" time="18.165"/>
  <system-out/>
</testsuite> <!-- ecommerce.android.AndroidTests2 -->
