<?xml version="1.0" encoding="UTF-8"?>
<!-- Generated by org.testng.reporters.JUnitReportReporter -->
<testsuite hostname="DESKTOP-32NV4I4" failures="0" tests="1" name="ecommerce.android.ECommerceShopApp" time="38.094" errors="0" timestamp="2022-09-18T14:56:05 ICT" skipped="0">
  <testcase classname="ecommerce.android.ECommerceShopApp" name="appiumTest" time="38.094"/>
  <system-out/>
</testsuite> <!-- ecommerce.android.ECommerceShopApp -->
