<?xml version="1.0" encoding="UTF-8"?>
<!-- Generated by org.testng.reporters.JUnitReportReporter -->
<testsuite hostname="DESKTOP-32NV4I4" failures="0" tests="1" name="mobileTesting.AppiumBasics" time="30.599" errors="0" timestamp="2022-08-29T10:54:48 ICT" skipped="0">
  <testcase classname="mobileTesting.AppiumBasics" name="appiumTest" time="30.599"/>
  <system-out/>
</testsuite> <!-- mobileTesting.AppiumBasics -->
