<?xml version="1.0" encoding="UTF-8"?>
<!-- Generated by org.testng.reporters.JUnitReportReporter -->
<testsuite hostname="DESKTOP-32NV4I4" failures="0" tests="1" name="ecommerce.android.FormPageTest" time="27.409" errors="0" timestamp="2022-09-17T23:38:20 ICT" skipped="0">
  <testcase classname="ecommerce.android.FormPageTest" name="appiumTest" time="27.409"/>
  <system-out/>
</testsuite> <!-- ecommerce.android.FormPageTest -->
