<?xml version="1.0" encoding="UTF-8"?>
<!-- Generated by org.testng.reporters.JUnitReportReporter -->
<testsuite hostname="DESKTOP-32NV4I4" failures="0" tests="1" name="ecommerce.android.FormPageTest" time="37.422" errors="0" timestamp="2022-09-18T14:01:16 ICT" skipped="0">
  <testcase classname="ecommerce.android.FormPageTest" name="appiumTest" time="37.422"/>
  <system-out/>
</testsuite> <!-- ecommerce.android.FormPageTest -->
